[debug] [2025-10-05T06:55:40.442Z] ----------------------------------------------------------------------
[debug] [2025-10-05T06:55:40.445Z] Command:       /nix/store/ws50yvm6vzlzf7jzz6n7xh4szddrack1-nodejs-20.19.1/bin/node /nix/store/0yk9nzw3ibqkjc4dy03f3v9nf5rxqylc-firebase-tools-14.18.0/lib/node_modules/firebase-tools/lib/bin/firebase.js deploy --only hosting --project year7term42025
[debug] [2025-10-05T06:55:40.445Z] CLI Version:   14.18.0
[debug] [2025-10-05T06:55:40.445Z] Platform:      linux
[debug] [2025-10-05T06:55:40.446Z] Node Version:  v20.19.1
[debug] [2025-10-05T06:55:40.446Z] Time:          Sun Oct 05 2025 06:55:40 GMT+0000 (Coordinated Universal Time)
[debug] [2025-10-05T06:55:40.446Z] ----------------------------------------------------------------------
[debug] 
[debug] [2025-10-05T06:55:40.449Z] >>> [apiv2][query] GET https://firebase-public.firebaseio.com/cli.json [none]
[debug] [2025-10-05T06:55:40.987Z] > command requires scopes: ["email","openid","https://www.googleapis.com/auth/cloudplatformprojects.readonly","https://www.googleapis.com/auth/firebase","https://www.googleapis.com/auth/cloud-platform","https://www.googleapis.com/auth/userinfo.email"]
[debug] [2025-10-05T06:55:41.324Z] <<< [apiv2][status] GET https://firebase-public.firebaseio.com/cli.json 200
[debug] [2025-10-05T06:55:41.324Z] <<< [apiv2][body] GET https://firebase-public.firebaseio.com/cli.json {"cloudBuildErrorAfter":1594252800000,"cloudBuildWarnAfter":1590019200000,"defaultNode10After":1594252800000,"minVersion":"3.0.5","node8DeploysDisabledAfter":1613390400000,"node8RuntimeDisabledAfter":1615809600000,"node8WarnAfter":1600128000000}
[debug] [2025-10-05T06:55:50.286Z] Running auto auth
[debug] [2025-10-05T06:55:50.320Z] [iam] checking project year7term42025 for permissions ["firebase.projects.get","firebasehosting.sites.update"]
[debug] [2025-10-05T06:55:50.322Z] No OAuth tokens found
[debug] [2025-10-05T06:55:50.322Z] >>> [apiv2][query] POST https://cloudresourcemanager.googleapis.com/v1/projects/year7term42025:testIamPermissions [none]
[debug] [2025-10-05T06:55:50.323Z] >>> [apiv2][(partial)header] POST https://cloudresourcemanager.googleapis.com/v1/projects/year7term42025:testIamPermissions x-goog-quota-user=projects/year7term42025
[debug] [2025-10-05T06:55:50.323Z] >>> [apiv2][body] POST https://cloudresourcemanager.googleapis.com/v1/projects/year7term42025:testIamPermissions {"permissions":["firebase.projects.get","firebasehosting.sites.update"]}
[debug] [2025-10-05T06:55:50.683Z] <<< [apiv2][status] POST https://cloudresourcemanager.googleapis.com/v1/projects/year7term42025:testIamPermissions 200
[debug] [2025-10-05T06:55:50.686Z] <<< [apiv2][body] POST https://cloudresourcemanager.googleapis.com/v1/projects/year7term42025:testIamPermissions {}
[debug] [2025-10-05T06:55:50.686Z] [iam] error while checking permissions, command may fail: Authorization failed. This account is missing the following required permissions on project year7term42025:

  firebase.projects.get
  firebasehosting.sites.update
[debug] [2025-10-05T06:55:50.688Z] No OAuth tokens found
[debug] [2025-10-05T06:55:50.688Z] >>> [apiv2][query] GET https://firebase.googleapis.com/v1beta1/projects/year7term42025 [none]
[debug] [2025-10-05T06:55:51.083Z] <<< [apiv2][status] GET https://firebase.googleapis.com/v1beta1/projects/year7term42025 403
[debug] [2025-10-05T06:55:51.083Z] <<< [apiv2][body] GET https://firebase.googleapis.com/v1beta1/projects/year7term42025 {"error":{"code":403,"message":"The caller does not have permission","status":"PERMISSION_DENIED"}}
[debug] [2025-10-05T06:55:51.085Z] Request to https://firebase.googleapis.com/v1beta1/projects/year7term42025 had HTTP Error: 403, The caller does not have permission
[debug] [2025-10-05T06:55:51.088Z] FirebaseError: Request to https://firebase.googleapis.com/v1beta1/projects/year7term42025 had HTTP Error: 403, The caller does not have permission
    at responseToError (/nix/store/0yk9nzw3ibqkjc4dy03f3v9nf5rxqylc-firebase-tools-14.18.0/lib/node_modules/firebase-tools/lib/responseToError.js:52:12)
    at RetryOperation._fn (/nix/store/0yk9nzw3ibqkjc4dy03f3v9nf5rxqylc-firebase-tools-14.18.0/lib/node_modules/firebase-tools/lib/apiv2.js:312:77)
    at process.processTicksAndRejections (node:internal/process/task_queues:95:5)
[error] 
[error] Error: Failed to get Firebase project year7term42025. Please make sure the project exists and your account has permission to access it.
